==27993== Memcheck, a memory error detector
==27993== Copyright (C) 2002-2017, and GNU GPL'd, by Julian Seward et al.
==27993== Using Valgrind-3.18.1 and LibVEX; rerun with -h for copyright info
==27993== Command: ./prompt
==27993== Parent PID: 12
==27993== 
==27993== error calling PR_SET_PTRACER, vgdb might block
==27993== Conditional jump or move depends on uninitialised value(s)
==27993==    at 0x10978F: main (in /home/lukundo/simple_shell/prompt)
==27993== 
==27993== Conditional jump or move depends on uninitialised value(s)
==27993==    at 0x48E0180: getdelim (iogetdelim.c:59)
==27993==    by 0x1095CD: main (in /home/lukundo/simple_shell/prompt)
==27993== 
==27993== Invalid write of size 1
==27993==    at 0x484EE8E: strcpy (in /usr/libexec/valgrind/vgpreload_memcheck-amd64-linux.so)
==27993==    by 0x109825: path_form (in /home/lukundo/simple_shell/prompt)
==27993==    by 0x1095F4: main (in /home/lukundo/simple_shell/prompt)
==27993==  Address 0x4a8d183 is 0 bytes after a block of size 3 alloc'd
==27993==    at 0x4848899: malloc (in /usr/libexec/valgrind/vgpreload_memcheck-amd64-linux.so)
==27993==    by 0x1097F1: path_form (in /home/lukundo/simple_shell/prompt)
==27993==    by 0x1095F4: main (in /home/lukundo/simple_shell/prompt)
==27993== 
==27993== Invalid read of size 1
==27993==    at 0x4909443: strtok_r (strtok_r.c:47)
==27993==    by 0x109853: path_form (in /home/lukundo/simple_shell/prompt)
==27993==    by 0x1095F4: main (in /home/lukundo/simple_shell/prompt)
==27993==  Address 0x4a8d183 is 0 bytes after a block of size 3 alloc'd
==27993==    at 0x4848899: malloc (in /usr/libexec/valgrind/vgpreload_memcheck-amd64-linux.so)
==27993==    by 0x1097F1: path_form (in /home/lukundo/simple_shell/prompt)
==27993==    by 0x1095F4: main (in /home/lukundo/simple_shell/prompt)
==27993== 
==27993== Invalid write of size 1
==27993==    at 0x484EE8E: strcpy (in /usr/libexec/valgrind/vgpreload_memcheck-amd64-linux.so)
==27993==    by 0x1096BD: main (in /home/lukundo/simple_shell/prompt)
==27993==  Address 0x4a8d222 is 0 bytes after a block of size 2 alloc'd
==27993==    at 0x4848899: malloc (in /usr/libexec/valgrind/vgpreload_memcheck-amd64-linux.so)
==27993==    by 0x10968B: main (in /home/lukundo/simple_shell/prompt)
==27993== 
==27993== Invalid read of size 1
==27993==    at 0x484ED24: strlen (in /usr/libexec/valgrind/vgpreload_memcheck-amd64-linux.so)
==27993==    by 0x109376: get_path (in /home/lukundo/simple_shell/prompt)
==27993==    by 0x109720: main (in /home/lukundo/simple_shell/prompt)
==27993==  Address 0x4a8d222 is 0 bytes after a block of size 2 alloc'd
==27993==    at 0x4848899: malloc (in /usr/libexec/valgrind/vgpreload_memcheck-amd64-linux.so)
==27993==    by 0x10968B: main (in /home/lukundo/simple_shell/prompt)
==27993== 
==27993== Invalid read of size 1
==27993==    at 0x484EA52: strcat (in /usr/libexec/valgrind/vgpreload_memcheck-amd64-linux.so)
==27993==    by 0x10942B: get_path (in /home/lukundo/simple_shell/prompt)
==27993==    by 0x109720: main (in /home/lukundo/simple_shell/prompt)
==27993==  Address 0x4a8d222 is 0 bytes after a block of size 2 alloc'd
==27993==    at 0x4848899: malloc (in /usr/libexec/valgrind/vgpreload_memcheck-amd64-linux.so)
==27993==    by 0x10968B: main (in /home/lukundo/simple_shell/prompt)
==27993== 
==27994== Invalid read of size 1
==27994==    at 0x484ED24: strlen (in /usr/libexec/valgrind/vgpreload_memcheck-amd64-linux.so)
==27994==    by 0x109376: get_path (in /home/lukundo/simple_shell/prompt)
==27994==    by 0x109500: execmd (in /home/lukundo/simple_shell/prompt)
==27994==    by 0x10977B: main (in /home/lukundo/simple_shell/prompt)
==27994==  Address 0x4a8d222 is 0 bytes after a block of size 2 alloc'd
==27994==    at 0x4848899: malloc (in /usr/libexec/valgrind/vgpreload_memcheck-amd64-linux.so)
==27994==    by 0x10968B: main (in /home/lukundo/simple_shell/prompt)
==27994== 
==27994== Invalid read of size 1
==27994==    at 0x484EA52: strcat (in /usr/libexec/valgrind/vgpreload_memcheck-amd64-linux.so)
==27994==    by 0x10942B: get_path (in /home/lukundo/simple_shell/prompt)
==27994==    by 0x109500: execmd (in /home/lukundo/simple_shell/prompt)
==27994==    by 0x10977B: main (in /home/lukundo/simple_shell/prompt)
==27994==  Address 0x4a8d222 is 0 bytes after a block of size 2 alloc'd
==27994==    at 0x4848899: malloc (in /usr/libexec/valgrind/vgpreload_memcheck-amd64-linux.so)
==27994==    by 0x10968B: main (in /home/lukundo/simple_shell/prompt)
==27994== 
==27994== Syscall param execve(argv[i]) points to unaddressable byte(s)
==27994==    at 0x494B0FB: execve (syscall-template.S:120)
==27994==    by 0x10951C: execmd (in /home/lukundo/simple_shell/prompt)
==27994==    by 0x10977B: main (in /home/lukundo/simple_shell/prompt)
==27994==  Address 0x4a8d222 is 0 bytes after a block of size 2 alloc'd
==27994==    at 0x4848899: malloc (in /usr/libexec/valgrind/vgpreload_memcheck-amd64-linux.so)
==27994==    by 0x10968B: main (in /home/lukundo/simple_shell/prompt)
==27994== 
==27993== 
==27993== Process terminating with default action of signal 2 (SIGINT)
==27993==    at 0x4974992: read (read.c:26)
==27993==    by 0x48ECCB5: _IO_file_underflow@@GLIBC_2.2.5 (fileops.c:516)
==27993==    by 0x48E0387: getdelim (iogetdelim.c:73)
==27993==    by 0x1095CD: main (in /home/lukundo/simple_shell/prompt)
==27993== 
==27993== HEAP SUMMARY:
==27993==     in use at exit: 9,269 bytes in 11 blocks
==27993==   total heap usage: 11 allocs, 0 frees, 9,269 bytes allocated
==27993== 
==27993== 3 bytes in 1 blocks are definitely lost in loss record 2 of 8
==27993==    at 0x4848899: malloc (in /usr/libexec/valgrind/vgpreload_memcheck-amd64-linux.so)
==27993==    by 0x1097F1: path_form (in /home/lukundo/simple_shell/prompt)
==27993==    by 0x1095F4: main (in /home/lukundo/simple_shell/prompt)
==27993== 
==27993== 62 bytes in 4 blocks are definitely lost in loss record 4 of 8
==27993==    at 0x4848899: malloc (in /usr/libexec/valgrind/vgpreload_memcheck-amd64-linux.so)
==27993==    by 0x1093D1: get_path (in /home/lukundo/simple_shell/prompt)
==27993==    by 0x109720: main (in /home/lukundo/simple_shell/prompt)
==27993== 
==27993== 874 bytes in 1 blocks are possibly lost in loss record 6 of 8
==27993==    at 0x4848899: malloc (in /usr/libexec/valgrind/vgpreload_memcheck-amd64-linux.so)
==27993==    by 0x490860E: strdup (strdup.c:42)
==27993==    by 0x109360: get_path (in /home/lukundo/simple_shell/prompt)
==27993==    by 0x109720: main (in /home/lukundo/simple_shell/prompt)
==27993== 
==27993== LEAK SUMMARY:
==27993==    definitely lost: 65 bytes in 5 blocks
==27993==    indirectly lost: 0 bytes in 0 blocks
==27993==      possibly lost: 874 bytes in 1 blocks
==27993==    still reachable: 8,330 bytes in 5 blocks
==27993==         suppressed: 0 bytes in 0 blocks
==27993== Reachable blocks (those to which a pointer was found) are not shown.
==27993== To see them, rerun with: --leak-check=full --show-leak-kinds=all
==27993== 
==27993== Use --track-origins=yes to see where uninitialised values come from
==27993== For lists of detected and suppressed errors, rerun with: -s
==27993== ERROR SUMMARY: 14 errors from 10 contexts (suppressed: 0 from 0)
